<?xml version="1.0" encoding="UTF-8"?><testrun name="Runner (2)" project="Search" tests="4" started="4" failures="0" errors="2" ignored="3">
  <testsuite name="com.Springer.StepDefs.Runner" time="0.033">
    <testsuite name="Feature: Springer Search Functionality Test" time="0.033">
      <testsuite name="Scenario: Search the Valid article keyword" time="0.015" incomplete="true">
        <skipped/>
        <testcase name="Given I am in search page" classname="Scenario: Search the Valid article keyword" time="0.01">
          <error>org.openqa.selenium.WebDriverException: Failed to connect to binary FirefoxBinary(C:\Program Files\Mozilla Firefox\firefox.exe) on port 7055; process output follows: 
tate changed: false, state: {"app-profile":{"fxdriver@googlecode.com":{"d":"C:\\Users\\User\\AppData\\Local\\Temp\\anonymous3098791501736664224webdriver-profile\\extensions\\fxdriver@googlecode.com","e":false,"v":"2.43.1","st":1491504570617,"mt":1491504570466}},"app-system-defaults":{"loop@mozilla.org":{"d":"C:\\Program Files\\Mozilla Firefox\\browser\\features\\loop@mozilla.org.xpi","e":true,"v":"0.1","st":1458095303267}},"app-global":{"{972ce4c6-7e08-4474-a285-3208198ce6fd}":{"d":"C:\\Program Files\\Mozilla Firefox\\browser\\extensions\\{972ce4c6-7e08-4474-a285-3208198ce6fd}.xpi","e":true,"v":"45.0.1","st":1458095303153}}}&#13;
1491504575603	addons.xpi	DEBUG	No changes found&#13;
1491504575612	addons.xpi	DEBUG	Registering manifest for C:\Program Files\Mozilla Firefox\browser\features\loop@mozilla.org.xpi&#13;
1491504575613	addons.xpi	DEBUG	Loading bootstrap scope from C:\Program Files\Mozilla Firefox\browser\features\loop@mozilla.org.xpi&#13;
1491504575630	addons.xpi	DEBUG	Calling bootstrap method startup on loop@mozilla.org version 0.1&#13;
1491504575649	addons.xpi-utils	DEBUG	Starting async load of XPI database C:\Users\User\AppData\Local\Temp\anonymous3098791501736664224webdriver-profile\extensions.json&#13;
1491504575657	addons.manager	DEBUG	Starting provider: &lt;unnamed-provider&gt;&#13;
1491504575657	addons.manager	DEBUG	Registering shutdown blocker for &lt;unnamed-provider&gt;&#13;
1491504575658	addons.manager	DEBUG	Provider finished startup: &lt;unnamed-provider&gt;&#13;
1491504575673	addons.manager	DEBUG	Registering shutdown blocker for XPIProvider&#13;
1491504575673	addons.manager	DEBUG	Provider finished startup: XPIProvider&#13;
1491504575673	addons.manager	DEBUG	Starting provider: LightweightThemeManager&#13;
1491504575673	addons.manager	DEBUG	Registering shutdown blocker for LightweightThemeManager&#13;
1491504575673	addons.manager	DEBUG	Provider finished startup: LightweightThemeManager&#13;
1491504575674	addons.manager	DEBUG	Starting provider: GMPProvider&#13;
1491504575682	addons.manager	DEBUG	Registering shutdown blocker for GMPProvider&#13;
1491504575682	addons.manager	DEBUG	Provider finished startup: GMPProvider&#13;
1491504575682	addons.manager	DEBUG	Starting provider: PluginProvider&#13;
1491504575683	addons.manager	DEBUG	Registering shutdown blocker for PluginProvider&#13;
1491504575683	addons.manager	DEBUG	Provider finished startup: PluginProvider&#13;
1491504575683	addons.manager	DEBUG	Completed startup sequence&#13;
1491504576072	addons.xpi-utils	DEBUG	Async JSON file read took 0 MS&#13;
1491504576072	addons.xpi-utils	DEBUG	Finished async read of XPI database, parsing...&#13;
1491504576076	addons.xpi-utils	DEBUG	Successfully read XPI database&#13;
*** Blocklist::_loadBlocklistFromFile: blocklist is disabled&#13;
1491504576288	addons.manager	DEBUG	Starting provider: PreviousExperimentProvider&#13;
1491504576288	addons.manager	DEBUG	Registering shutdown blocker for PreviousExperimentProvider&#13;
1491504576288	addons.manager	DEBUG	Provider finished startup: PreviousExperimentProvider&#13;
JavaScript warning: https://normandy-cloudfront.cdn.mozilla.net/static/bundles/selfrepair.8d056d434484b1d6ae51.js, line 7: mutating the [[Prototype]] of an object will cause your code to run very slowly; instead create the object with the correct initial [[Prototype]] value using Object.create&#13;
1491504584949	addons.xpi	DEBUG	Calling bootstrap method shutdown on loop@mozilla.org version 0.1&#13;
1491504585429	addons.manager	DEBUG	shutdown&#13;
1491504585430	addons.manager	DEBUG	Calling shutdown blocker for &lt;unnamed-provider&gt;&#13;
1491504585431	addons.manager	DEBUG	Calling shutdown blocker for XPIProvider&#13;
1491504585431	addons.xpi	DEBUG	shutdown&#13;
1491504585431	addons.xpi-utils	DEBUG	shutdown&#13;
1491504585432	addons.manager	DEBUG	Calling shutdown blocker for LightweightThemeManager&#13;
1491504585432	addons.manager	DEBUG	Calling shutdown blocker for GMPProvider&#13;
1491504585435	addons.manager	DEBUG	Calling shutdown blocker for PluginProvider&#13;
1491504585438	addons.manager	DEBUG	Calling shutdown blocker for PreviousExperimentProvider&#13;
1491504585442	addons.xpi	DEBUG	Notifying XPI shutdown observers&#13;
1491504585447	addons.manager	DEBUG	Async provider shutdown done&#13;

Build info: version: '2.53.0', revision: '35ae25b1534ae328c771e0856c93e187490ca824', time: '2016-03-15 10:43:46'
System info: host: 'Lenovo-PC', ip: '192.168.1.10', os.name: 'Windows 10', os.arch: 'amd64', os.version: '10.0', java.version: '1.8.0_112'
Driver info: driver.version: FirefoxDriver&#13;
	at org.openqa.selenium.firefox.internal.NewProfileExtensionConnection.start(NewProfileExtensionConnection.java:130)&#13;
	at org.openqa.selenium.firefox.FirefoxDriver.startClient(FirefoxDriver.java:246)&#13;
	at org.openqa.selenium.remote.RemoteWebDriver.&lt;init&gt;(RemoteWebDriver.java:114)&#13;
	at org.openqa.selenium.firefox.FirefoxDriver.&lt;init&gt;(FirefoxDriver.java:191)&#13;
	at org.openqa.selenium.firefox.FirefoxDriver.&lt;init&gt;(FirefoxDriver.java:186)&#13;
	at org.openqa.selenium.firefox.FirefoxDriver.&lt;init&gt;(FirefoxDriver.java:182)&#13;
	at org.openqa.selenium.firefox.FirefoxDriver.&lt;init&gt;(FirefoxDriver.java:95)&#13;
	at com.Springer.StepDefs.SearchSteps.i_am_in_search_page(SearchSteps.java:25)&#13;
	at âœ½.Given I am in search page(Search.feature:8)&#13;
Caused by: org.openqa.selenium.firefox.NotConnectedException: Unable to connect to host 127.0.0.1 on port 7055 after 45000 ms. Firefox console output:
tate changed: false, state: {"app-profile":{"fxdriver@googlecode.com":{"d":"C:\\Users\\User\\AppData\\Local\\Temp\\anonymous3098791501736664224webdriver-profile\\extensions\\fxdriver@googlecode.com","e":false,"v":"2.43.1","st":1491504570617,"mt":1491504570466}},"app-system-defaults":{"loop@mozilla.org":{"d":"C:\\Program Files\\Mozilla Firefox\\browser\\features\\loop@mozilla.org.xpi","e":true,"v":"0.1","st":1458095303267}},"app-global":{"{972ce4c6-7e08-4474-a285-3208198ce6fd}":{"d":"C:\\Program Files\\Mozilla Firefox\\browser\\extensions\\{972ce4c6-7e08-4474-a285-3208198ce6fd}.xpi","e":true,"v":"45.0.1","st":1458095303153}}}&#13;
1491504575603	addons.xpi	DEBUG	No changes found&#13;
1491504575612	addons.xpi	DEBUG	Registering manifest for C:\Program Files\Mozilla Firefox\browser\features\loop@mozilla.org.xpi&#13;
1491504575613	addons.xpi	DEBUG	Loading bootstrap scope from C:\Program Files\Mozilla Firefox\browser\features\loop@mozilla.org.xpi&#13;
1491504575630	addons.xpi	DEBUG	Calling bootstrap method startup on loop@mozilla.org version 0.1&#13;
1491504575649	addons.xpi-utils	DEBUG	Starting async load of XPI database C:\Users\User\AppData\Local\Temp\anonymous3098791501736664224webdriver-profile\extensions.json&#13;
1491504575657	addons.manager	DEBUG	Starting provider: &lt;unnamed-provider&gt;&#13;
1491504575657	addons.manager	DEBUG	Registering shutdown blocker for &lt;unnamed-provider&gt;&#13;
1491504575658	addons.manager	DEBUG	Provider finished startup: &lt;unnamed-provider&gt;&#13;
1491504575673	addons.manager	DEBUG	Registering shutdown blocker for XPIProvider&#13;
1491504575673	addons.manager	DEBUG	Provider finished startup: XPIProvider&#13;
1491504575673	addons.manager	DEBUG	Starting provider: LightweightThemeManager&#13;
1491504575673	addons.manager	DEBUG	Registering shutdown blocker for LightweightThemeManager&#13;
1491504575673	addons.manager	DEBUG	Provider finished startup: LightweightThemeManager&#13;
1491504575674	addons.manager	DEBUG	Starting provider: GMPProvider&#13;
1491504575682	addons.manager	DEBUG	Registering shutdown blocker for GMPProvider&#13;
1491504575682	addons.manager	DEBUG	Provider finished startup: GMPProvider&#13;
1491504575682	addons.manager	DEBUG	Starting provider: PluginProvider&#13;
1491504575683	addons.manager	DEBUG	Registering shutdown blocker for PluginProvider&#13;
1491504575683	addons.manager	DEBUG	Provider finished startup: PluginProvider&#13;
1491504575683	addons.manager	DEBUG	Completed startup sequence&#13;
1491504576072	addons.xpi-utils	DEBUG	Async JSON file read took 0 MS&#13;
1491504576072	addons.xpi-utils	DEBUG	Finished async read of XPI database, parsing...&#13;
1491504576076	addons.xpi-utils	DEBUG	Successfully read XPI database&#13;
*** Blocklist::_loadBlocklistFromFile: blocklist is disabled&#13;
1491504576288	addons.manager	DEBUG	Starting provider: PreviousExperimentProvider&#13;
1491504576288	addons.manager	DEBUG	Registering shutdown blocker for PreviousExperimentProvider&#13;
1491504576288	addons.manager	DEBUG	Provider finished startup: PreviousExperimentProvider&#13;
JavaScript warning: https://normandy-cloudfront.cdn.mozilla.net/static/bundles/selfrepair.8d056d434484b1d6ae51.js, line 7: mutating the [[Prototype]] of an object will cause your code to run very slowly; instead create the object with the correct initial [[Prototype]] value using Object.create&#13;
1491504584949	addons.xpi	DEBUG	Calling bootstrap method shutdown on loop@mozilla.org version 0.1&#13;
1491504585429	addons.manager	DEBUG	shutdown&#13;
1491504585430	addons.manager	DEBUG	Calling shutdown blocker for &lt;unnamed-provider&gt;&#13;
1491504585431	addons.manager	DEBUG	Calling shutdown blocker for XPIProvider&#13;
1491504585431	addons.xpi	DEBUG	shutdown&#13;
1491504585431	addons.xpi-utils	DEBUG	shutdown&#13;
1491504585432	addons.manager	DEBUG	Calling shutdown blocker for LightweightThemeManager&#13;
1491504585432	addons.manager	DEBUG	Calling shutdown blocker for GMPProvider&#13;
1491504585435	addons.manager	DEBUG	Calling shutdown blocker for PluginProvider&#13;
1491504585438	addons.manager	DEBUG	Calling shutdown blocker for PreviousExperimentProvider&#13;
1491504585442	addons.xpi	DEBUG	Notifying XPI shutdown observers&#13;
1491504585447	addons.manager	DEBUG	Async provider shutdown done&#13;
&#13;
	at org.openqa.selenium.firefox.internal.NewProfileExtensionConnection.start(NewProfileExtensionConnection.java:118)&#13;
	at org.openqa.selenium.firefox.FirefoxDriver.startClient(FirefoxDriver.java:246)&#13;
	at org.openqa.selenium.remote.RemoteWebDriver.&lt;init&gt;(RemoteWebDriver.java:114)&#13;
	at org.openqa.selenium.firefox.FirefoxDriver.&lt;init&gt;(FirefoxDriver.java:191)&#13;
	at org.openqa.selenium.firefox.FirefoxDriver.&lt;init&gt;(FirefoxDriver.java:186)&#13;
	at org.openqa.selenium.firefox.FirefoxDriver.&lt;init&gt;(FirefoxDriver.java:182)&#13;
	at org.openqa.selenium.firefox.FirefoxDriver.&lt;init&gt;(FirefoxDriver.java:95)&#13;
	at com.Springer.StepDefs.SearchSteps.i_am_in_search_page(SearchSteps.java:25)&#13;
	at sun.reflect.NativeMethodAccessorImpl.invoke0(Native Method)&#13;
	at sun.reflect.NativeMethodAccessorImpl.invoke(Unknown Source)&#13;
	at sun.reflect.DelegatingMethodAccessorImpl.invoke(Unknown Source)&#13;
	at java.lang.reflect.Method.invoke(Unknown Source)&#13;
	at cucumber.runtime.Utils$1.call(Utils.java:37)&#13;
	at cucumber.runtime.Timeout.timeout(Timeout.java:13)&#13;
	at cucumber.runtime.Utils.invoke(Utils.java:31)&#13;
	at cucumber.runtime.java.JavaStepDefinition.execute(JavaStepDefinition.java:37)&#13;
	at cucumber.runtime.StepDefinitionMatch.runStep(StepDefinitionMatch.java:37)&#13;
	at cucumber.runtime.Runtime.runStep(Runtime.java:298)&#13;
	at cucumber.runtime.model.StepContainer.runStep(StepContainer.java:44)&#13;
	at cucumber.runtime.model.StepContainer.runSteps(StepContainer.java:39)&#13;
	at cucumber.runtime.model.CucumberScenario.run(CucumberScenario.java:48)&#13;
	at cucumber.runtime.junit.ExecutionUnitRunner.run(ExecutionUnitRunner.java:91)&#13;
	at cucumber.runtime.junit.FeatureRunner.runChild(FeatureRunner.java:63)&#13;
	at cucumber.runtime.junit.FeatureRunner.runChild(FeatureRunner.java:18)&#13;
	at org.junit.runners.ParentRunner$3.run(ParentRunner.java:290)&#13;
	at org.junit.runners.ParentRunner$1.schedule(ParentRunner.java:71)&#13;
	at org.junit.runners.ParentRunner.runChildren(ParentRunner.java:288)&#13;
	at org.junit.runners.ParentRunner.access$000(ParentRunner.java:58)&#13;
	at org.junit.runners.ParentRunner$2.evaluate(ParentRunner.java:268)&#13;
	at org.junit.runners.ParentRunner.run(ParentRunner.java:363)&#13;
	at cucumber.runtime.junit.FeatureRunner.run(FeatureRunner.java:70)&#13;
	at cucumber.api.junit.Cucumber.runChild(Cucumber.java:93)&#13;
	at cucumber.api.junit.Cucumber.runChild(Cucumber.java:37)&#13;
	at org.junit.runners.ParentRunner$3.run(ParentRunner.java:290)&#13;
	at org.junit.runners.ParentRunner$1.schedule(ParentRunner.java:71)&#13;
	at org.junit.runners.ParentRunner.runChildren(ParentRunner.java:288)&#13;
	at org.junit.runners.ParentRunner.access$000(ParentRunner.java:58)&#13;
	at org.junit.runners.ParentRunner$2.evaluate(ParentRunner.java:268)&#13;
	at org.junit.runners.ParentRunner.run(ParentRunner.java:363)&#13;
	at cucumber.api.junit.Cucumber.run(Cucumber.java:98)&#13;
	at org.eclipse.jdt.internal.junit4.runner.JUnit4TestReference.run(JUnit4TestReference.java:86)&#13;
	at org.eclipse.jdt.internal.junit.runner.TestExecution.run(TestExecution.java:38)&#13;
	at org.eclipse.jdt.internal.junit.runner.RemoteTestRunner.runTests(RemoteTestRunner.java:459)&#13;
	at org.eclipse.jdt.internal.junit.runner.RemoteTestRunner.runTests(RemoteTestRunner.java:678)&#13;
	at org.eclipse.jdt.internal.junit.runner.RemoteTestRunner.run(RemoteTestRunner.java:382)&#13;
	at org.eclipse.jdt.internal.junit.runner.RemoteTestRunner.main(RemoteTestRunner.java:192)&#13;
&#13;
</error>
        </testcase>
        <testcase name="When I enter &lt;value&gt; in search text box" classname="Scenario: Search the Valid article keyword" time="0.002" ignored="true"/>
        <testcase name="And Click on Search button" classname="Scenario: Search the Valid article keyword" time="0.003" ignored="true"/>
        <testcase name="Then I can see the list of results" classname="Scenario: Search the Valid article keyword" time="0.001" ignored="true"/>
      </testsuite>
    </testsuite>
  </testsuite>
</testrun>
