<?xml version="1.0" encoding="UTF-8"?><testrun name="Runner (2)" project="Search" tests="4" started="4" failures="0" errors="2" ignored="3">
  <testsuite name="com.Springer.StepDefs.Runner" time="0.045">
    <testsuite name="Feature: Springer Search Functionality Test" time="0.045">
      <testsuite name="Scenario: Search the Valid article keyword" time="0.034" incomplete="true">
        <skipped/>
        <testcase name="Given I am in search page" classname="Scenario: Search the Valid article keyword" time="0.03">
          <error>org.openqa.selenium.WebDriverException: Cannot find firefox binary in PATH. Make sure firefox is installed. OS appears to be: XP
Build info: version: '2.46.0', revision: '61506a4624b13675f24581e453592342b7485d71', time: '2015-06-04 10:22:50'
System info: host: 'Lenovo-PC', ip: '192.168.1.10', os.name: 'Windows 10', os.arch: 'amd64', os.version: '10.0', java.version: '1.8.0_112'
Driver info: driver.version: FirefoxDriver&#13;
	at org.openqa.selenium.firefox.internal.Executable.&lt;init&gt;(Executable.java:72)&#13;
	at org.openqa.selenium.firefox.FirefoxBinary.&lt;init&gt;(FirefoxBinary.java:59)&#13;
	at org.openqa.selenium.firefox.FirefoxBinary.&lt;init&gt;(FirefoxBinary.java:55)&#13;
	at org.openqa.selenium.firefox.FirefoxDriver.&lt;init&gt;(FirefoxDriver.java:95)&#13;
	at com.Springer.StepDefs.SearchSteps.i_am_in_search_page(SearchSteps.java:22)&#13;
	at âœ½.Given I am in search page(Search.feature:8)&#13;
&#13;
</error>
        </testcase>
        <testcase name="When I enter &lt;Value&gt; in search text box" classname="Scenario: Search the Valid article keyword" time="0.002" ignored="true"/>
        <testcase name="And Click on Search button" classname="Scenario: Search the Valid article keyword" time="0.002" ignored="true"/>
        <testcase name="Then I can see the list of results" classname="Scenario: Search the Valid article keyword" time="0.001" ignored="true"/>
      </testsuite>
    </testsuite>
  </testsuite>
</testrun>
